p:\code\git\mazenavigator\tree_search\debug\vc140.pdb
p:\code\git\mazenavigator\tree_search\debug\vc140.idb
p:\code\git\mazenavigator\tree_search\debug\depthfirstsearch.obj
p:\code\git\mazenavigator\tree_search\debug\grid2d.obj
p:\code\git\mazenavigator\tree_search\debug\main.obj
p:\code\git\mazenavigator\tree_search\debug\mapparser.obj
p:\code\git\mazenavigator\tree_search\debug\navigator.obj
p:\code\git\mazenavigator\tree_search\debug\node.obj
p:\code\git\mazenavigator\tree_search\debug\itreesearch.obj
p:\code\git\mazenavigator\tree_search\debug\timer.obj
p:\code\git\mazenavigator\debug\tree_search.pdb
p:\code\git\mazenavigator\tree_search\debug\tree_search.tlog\cl.command.1.tlog
p:\code\git\mazenavigator\tree_search\debug\tree_search.tlog\cl.read.1.tlog
p:\code\git\mazenavigator\tree_search\debug\tree_search.tlog\cl.write.1.tlog
p:\code\git\mazenavigator\tree_search\debug\tree_search.tlog\link-cvtres.read.1.tlog
p:\code\git\mazenavigator\tree_search\debug\tree_search.tlog\link-cvtres.write.1.tlog
p:\code\git\mazenavigator\tree_search\debug\tree_search.tlog\link-rc.read.1.tlog
p:\code\git\mazenavigator\tree_search\debug\tree_search.tlog\link-rc.write.1.tlog
p:\code\git\mazenavigator\tree_search\debug\tree_search.tlog\link.command.1.tlog
p:\code\git\mazenavigator\tree_search\debug\tree_search.tlog\link.read.1.tlog
p:\code\git\mazenavigator\tree_search\debug\tree_search.tlog\link.write.1.tlog
